d:\jeremy\nyp\year 2\sem 1\dm2213 2d game creation\nyp_framework\app\debug\vc142.pdb
d:\jeremy\nyp\year 2\sem 1\dm2213 2d game creation\nyp_framework\app\debug\vc142.idb
d:\jeremy\nyp\year 2\sem 1\dm2213 2d game creation\nyp_framework\app\debug\soundinfo.obj
d:\jeremy\nyp\year 2\sem 1\dm2213 2d game creation\nyp_framework\app\debug\soundcontroller.obj
d:\jeremy\nyp\year 2\sem 1\dm2213 2d game creation\nyp_framework\app\debug\scene2d.obj
d:\jeremy\nyp\year 2\sem 1\dm2213 2d game creation\nyp_framework\app\debug\player2d.obj
d:\jeremy\nyp\year 2\sem 1\dm2213 2d game creation\nyp_framework\app\debug\physics2d.obj
d:\jeremy\nyp\year 2\sem 1\dm2213 2d game creation\nyp_framework\app\debug\map2d.obj
d:\jeremy\nyp\year 2\sem 1\dm2213 2d game creation\nyp_framework\app\debug\inventorymanager.obj
d:\jeremy\nyp\year 2\sem 1\dm2213 2d game creation\nyp_framework\app\debug\inventoryitem.obj
d:\jeremy\nyp\year 2\sem 1\dm2213 2d game creation\nyp_framework\app\debug\gui_scene2d.obj
d:\jeremy\nyp\year 2\sem 1\dm2213 2d game creation\nyp_framework\app\debug\gamemanager.obj
d:\jeremy\nyp\year 2\sem 1\dm2213 2d game creation\nyp_framework\app\debug\enemy2d.obj
d:\jeremy\nyp\year 2\sem 1\dm2213 2d game creation\nyp_framework\app\debug\backgroundentity.obj
d:\jeremy\nyp\year 2\sem 1\dm2213 2d game creation\nyp_framework\app\debug\main.obj
d:\jeremy\nyp\year 2\sem 1\dm2213 2d game creation\nyp_framework\app\debug\playgamestate.obj
d:\jeremy\nyp\year 2\sem 1\dm2213 2d game creation\nyp_framework\app\debug\pausestate.obj
d:\jeremy\nyp\year 2\sem 1\dm2213 2d game creation\nyp_framework\app\debug\menustate.obj
d:\jeremy\nyp\year 2\sem 1\dm2213 2d game creation\nyp_framework\app\debug\introstate.obj
d:\jeremy\nyp\year 2\sem 1\dm2213 2d game creation\nyp_framework\app\debug\gamestatemanager.obj
d:\jeremy\nyp\year 2\sem 1\dm2213 2d game creation\nyp_framework\app\debug\application.obj
d:\jeremy\nyp\year 2\sem 1\dm2213 2d game creation\nyp_framework\app\debug\app.ilk
d:\jeremy\nyp\year 2\sem 1\dm2213 2d game creation\nyp_framework\debug\app.exe
d:\jeremy\nyp\year 2\sem 1\dm2213 2d game creation\nyp_framework\debug\app.pdb
d:\jeremy\nyp\year 2\sem 1\dm2213 2d game creation\nyp_framework\app\debug\app.tlog\cl.command.1.tlog
d:\jeremy\nyp\year 2\sem 1\dm2213 2d game creation\nyp_framework\app\debug\app.tlog\cl.read.1.tlog
d:\jeremy\nyp\year 2\sem 1\dm2213 2d game creation\nyp_framework\app\debug\app.tlog\cl.write.1.tlog
d:\jeremy\nyp\year 2\sem 1\dm2213 2d game creation\nyp_framework\app\debug\app.tlog\link.command.1.tlog
d:\jeremy\nyp\year 2\sem 1\dm2213 2d game creation\nyp_framework\app\debug\app.tlog\link.read.1.tlog
d:\jeremy\nyp\year 2\sem 1\dm2213 2d game creation\nyp_framework\app\debug\app.tlog\link.write.1.tlog
