d:\jeremy\nyp\year 2\sem 1\dm2213 2d game creation\nyp_framework\debug\library.pdb
d:\jeremy\nyp\year 2\sem 1\dm2213 2d game creation\nyp_framework\debug\library.idb
d:\jeremy\nyp\year 2\sem 1\dm2213 2d game creation\nyp_framework\library\debug\imageloader.obj
d:\jeremy\nyp\year 2\sem 1\dm2213 2d game creation\nyp_framework\library\debug\shadermanager.obj
d:\jeremy\nyp\year 2\sem 1\dm2213 2d game creation\nyp_framework\library\debug\spriteanimation.obj
d:\jeremy\nyp\year 2\sem 1\dm2213 2d game creation\nyp_framework\library\debug\meshbuilder.obj
d:\jeremy\nyp\year 2\sem 1\dm2213 2d game creation\nyp_framework\library\debug\mesh.obj
d:\jeremy\nyp\year 2\sem 1\dm2213 2d game creation\nyp_framework\library\debug\levelofdetails.obj
d:\jeremy\nyp\year 2\sem 1\dm2213 2d game creation\nyp_framework\library\debug\entity3d.obj
d:\jeremy\nyp\year 2\sem 1\dm2213 2d game creation\nyp_framework\library\debug\entity2d.obj
d:\jeremy\nyp\year 2\sem 1\dm2213 2d game creation\nyp_framework\library\debug\collisionmanager.obj
d:\jeremy\nyp\year 2\sem 1\dm2213 2d game creation\nyp_framework\library\debug\collider.obj
d:\jeremy\nyp\year 2\sem 1\dm2213 2d game creation\nyp_framework\library\debug\mousecontroller.obj
d:\jeremy\nyp\year 2\sem 1\dm2213 2d game creation\nyp_framework\library\debug\keyboardcontroller.obj
d:\jeremy\nyp\year 2\sem 1\dm2213 2d game creation\nyp_framework\library\debug\imgui_widgets.obj
d:\jeremy\nyp\year 2\sem 1\dm2213 2d game creation\nyp_framework\library\debug\imgui_tables.obj
d:\jeremy\nyp\year 2\sem 1\dm2213 2d game creation\nyp_framework\library\debug\imgui_draw.obj
d:\jeremy\nyp\year 2\sem 1\dm2213 2d game creation\nyp_framework\library\debug\imgui_demo.obj
d:\jeremy\nyp\year 2\sem 1\dm2213 2d game creation\nyp_framework\library\debug\imgui.obj
d:\jeremy\nyp\year 2\sem 1\dm2213 2d game creation\nyp_framework\library\debug\imgui_impl_opengl3.obj
d:\jeremy\nyp\year 2\sem 1\dm2213 2d game creation\nyp_framework\library\debug\imgui_impl_glfw.obj
d:\jeremy\nyp\year 2\sem 1\dm2213 2d game creation\nyp_framework\library\debug\settings.obj
d:\jeremy\nyp\year 2\sem 1\dm2213 2d game creation\nyp_framework\library\debug\stopwatch.obj
d:\jeremy\nyp\year 2\sem 1\dm2213 2d game creation\nyp_framework\library\debug\fpscounter.obj
d:\jeremy\nyp\year 2\sem 1\dm2213 2d game creation\nyp_framework\library\debug\loadobj.obj
d:\jeremy\nyp\year 2\sem 1\dm2213 2d game creation\nyp_framework\debug\library.lib
d:\jeremy\nyp\year 2\sem 1\dm2213 2d game creation\nyp_framework\library\debug\library.tlog\cl.command.1.tlog
d:\jeremy\nyp\year 2\sem 1\dm2213 2d game creation\nyp_framework\library\debug\library.tlog\cl.read.1.tlog
d:\jeremy\nyp\year 2\sem 1\dm2213 2d game creation\nyp_framework\library\debug\library.tlog\cl.write.1.tlog
d:\jeremy\nyp\year 2\sem 1\dm2213 2d game creation\nyp_framework\library\debug\library.tlog\lib-link.read.1.tlog
d:\jeremy\nyp\year 2\sem 1\dm2213 2d game creation\nyp_framework\library\debug\library.tlog\lib-link.write.1.tlog
d:\jeremy\nyp\year 2\sem 1\dm2213 2d game creation\nyp_framework\library\debug\library.tlog\lib.command.1.tlog
